<?xml version="1.0" encoding="UTF-8"?>
<!-- Generated by org.testng.reporters.JUnitReportReporter -->
<testsuite hostname="DESKTOP-L3QGC4R" failures="0" tests="1" name="com.pages.MakeMyTripProject" time="176.572" errors="0" timestamp="2020-10-11T14:26:09 IST" skipped="0">
  <testcase classname="com.pages.MakeMyTripProject" name="CreateAccount" time="176.572"/>
  <system-out/>
</testsuite> <!-- com.pages.MakeMyTripProject -->
